Generated at 2017-03-09 23:56:26 -0500
NoMethodError: undefined method `up_to' for 1:Fixnum
Did you mean?  upto
/Users/bplunkert/chef_provisioning_example/recipes/cluster.rb:8:in `block in from_file'
/Users/bplunkert/.rvm/gems/ruby-2.3.0/gems/chef-provisioning-2.1.1/lib/chef/provisioning/recipe_dsl.rb:64:in `instance_eval'
/Users/bplunkert/.rvm/gems/ruby-2.3.0/gems/chef-provisioning-2.1.1/lib/chef/provisioning/recipe_dsl.rb:64:in `block in machine_batch'
/Users/bplunkert/.rvm/gems/ruby-2.3.0/gems/chef-12.19.36/lib/chef/resource_builder.rb:76:in `instance_eval'
/Users/bplunkert/.rvm/gems/ruby-2.3.0/gems/chef-12.19.36/lib/chef/resource_builder.rb:76:in `build'
/Users/bplunkert/.rvm/gems/ruby-2.3.0/gems/chef-12.19.36/lib/chef/dsl/declare_resource.rb:291:in `build_resource'
/Users/bplunkert/.rvm/gems/ruby-2.3.0/gems/chef-12.19.36/lib/chef/dsl/declare_resource.rb:248:in `declare_resource'
/Users/bplunkert/.rvm/gems/ruby-2.3.0/gems/chef-provisioning-2.1.1/lib/chef/provisioning/recipe_dsl.rb:62:in `machine_batch'
/Users/bplunkert/chef_provisioning_example/recipes/cluster.rb:7:in `from_file'
/Users/bplunkert/.rvm/gems/ruby-2.3.0/gems/chef-12.19.36/lib/chef/mixin/from_file.rb:30:in `instance_eval'
/Users/bplunkert/.rvm/gems/ruby-2.3.0/gems/chef-12.19.36/lib/chef/mixin/from_file.rb:30:in `from_file'
/Users/bplunkert/.rvm/gems/ruby-2.3.0/gems/chef-12.19.36/lib/chef/run_context.rb:358:in `load_recipe_file'
/Users/bplunkert/.rvm/gems/ruby-2.3.0/gems/chef-12.19.36/lib/chef/policy_builder/expand_node_object.rb:100:in `block in setup_run_context'
/Users/bplunkert/.rvm/gems/ruby-2.3.0/gems/chef-12.19.36/lib/chef/policy_builder/expand_node_object.rb:99:in `each'
/Users/bplunkert/.rvm/gems/ruby-2.3.0/gems/chef-12.19.36/lib/chef/policy_builder/expand_node_object.rb:99:in `setup_run_context'
/Users/bplunkert/.rvm/gems/ruby-2.3.0/gems/chef-12.19.36/lib/chef/client.rb:511:in `setup_run_context'
/Users/bplunkert/.rvm/gems/ruby-2.3.0/gems/chef-12.19.36/lib/chef/client.rb:281:in `run'
/Users/bplunkert/.rvm/gems/ruby-2.3.0/gems/chef-12.19.36/lib/chef/application.rb:295:in `block in fork_chef_client'
/Users/bplunkert/.rvm/gems/ruby-2.3.0/gems/chef-12.19.36/lib/chef/application.rb:283:in `fork'
/Users/bplunkert/.rvm/gems/ruby-2.3.0/gems/chef-12.19.36/lib/chef/application.rb:283:in `fork_chef_client'
/Users/bplunkert/.rvm/gems/ruby-2.3.0/gems/chef-12.19.36/lib/chef/application.rb:248:in `block in run_chef_client'
/Users/bplunkert/.rvm/gems/ruby-2.3.0/gems/chef-12.19.36/lib/chef/local_mode.rb:44:in `with_server_connectivity'
/Users/bplunkert/.rvm/gems/ruby-2.3.0/gems/chef-12.19.36/lib/chef/application.rb:236:in `run_chef_client'
/Users/bplunkert/.rvm/gems/ruby-2.3.0/gems/chef-12.19.36/lib/chef/application/client.rb:464:in `sleep_then_run_chef_client'
/Users/bplunkert/.rvm/gems/ruby-2.3.0/gems/chef-12.19.36/lib/chef/application/client.rb:451:in `block in interval_run_chef_client'
/Users/bplunkert/.rvm/gems/ruby-2.3.0/gems/chef-12.19.36/lib/chef/application/client.rb:450:in `loop'
/Users/bplunkert/.rvm/gems/ruby-2.3.0/gems/chef-12.19.36/lib/chef/application/client.rb:450:in `interval_run_chef_client'
/Users/bplunkert/.rvm/gems/ruby-2.3.0/gems/chef-12.19.36/lib/chef/application/client.rb:434:in `run_application'
/Users/bplunkert/.rvm/gems/ruby-2.3.0/gems/chef-12.19.36/lib/chef/application.rb:59:in `run'
/Users/bplunkert/.rvm/gems/ruby-2.3.0/gems/chef-12.19.36/bin/chef-client:26:in `<top (required)>'
/Users/bplunkert/.rvm/gems/ruby-2.3.0/bin/chef-client:23:in `load'
/Users/bplunkert/.rvm/gems/ruby-2.3.0/bin/chef-client:23:in `<main>'
/Users/bplunkert/.rvm/gems/ruby-2.3.0/bin/ruby_executable_hooks:15:in `eval'
/Users/bplunkert/.rvm/gems/ruby-2.3.0/bin/ruby_executable_hooks:15:in `<main>'